AA:AA0,AD-2
AB:AA-1,AB0,AD-3,CC0
AD:AD0,AE1
AE:AA0,AB1,AD-2,AE0,CC1
CC:AA-1,AB0,AD-3,CC0
-----
AA:AA0,AD-2,AE-1
AB:AA-1,AB0,AD-3,AE-2,CC0
AD:AA1,AB2,AD0,AE1,CC2
AE:AA0,AB1,AD-2,AE0,CC1
CC:AA-1,AB0,AD-3,AE-2,CC0
-----
AA:AA0,AB0,AD-2,AE-1,CC0
AB:AA-1,AB0,AD-3,AE-2,CC-1
AD:AA1,AB2,AD0,AE1,CC2
AE:AA0,AB1,AD-2,AE0,CC0
CC:AA-1,AB0,AD-3,AE-2,CC0
-----
AA:AA0,AB0,AD-2,AE-1,CC0
AB:AA-1,AB0,AD-3,AE-2,CC-1
AD:AA1,AB2,AD0,AE1,CC1
AE:AA0,AB1,AD-2,AE0,CC0
CC:AA-1,AB0,AD-3,AE-2,CC0
-----
AA:AA0,AB0,AD-2,AE-1,CC-1
AB:AA-1,AB0,AD-3,AE-2,CC-2
AD:AA1,AB2,AD0,AE1,CC1
AE:AA0,AB1,AD-2,AE0,CC-1
CC:AA-1,AB0,AD-3,AE-2,CC0
-----
AA:AA0,AB0,AD-2,AE-1,CC-1
AB:AA-1,AB0,AD-3,AE-2,CC-2
AD:AA1,AB2,AD0,AE1,CC0
AE:AA0,AB1,AD-2,AE0,CC-1
CC:AA-1,AB0,AD-3,AE-2,CC0
-----
AA:AA0,AB0,AD-2,AE-1,CC-2
AB:AA-1,AB0,AD-3,AE-2,CC-3
AD:AA1,AB2,AD0,AE1,CC0
AE:AA0,AB1,AD-2,AE0,CC-2
CC:AA-1,AB0,AD-3,AE-2,CC0
-----
AA:AA0,AB0,AD-2,AE-1,CC-2
AB:AA-1,AB0,AD-3,AE-2,CC-3
AD:AA1,AB2,AD0,AE1,CC-1
AE:AA0,AB1,AD-2,AE0,CC-2
CC:AA-1,AB0,AD-3,AE-2,CC0
-----
AA:AA0,AB0,AD-2,AE-1,CC-3
AB:AA-1,AB0,AD-3,AE-2,CC-4
AD:AA1,AB2,AD0,AE1,CC-1
AE:AA0,AB1,AD-2,AE0,CC-3
CC:AA-1,AB0,AD-3,AE-2,CC0
-----
AA:AA0,AB0,AD-2,AE-1,CC-3
AB:AA-1,AB0,AD-3,AE-2,CC-4
AD:AA1,AB2,AD0,AE1,CC-2
AE:AA0,AB1,AD-2,AE0,CC-3
CC:AA-1,AB0,AD-3,AE-2,CC0
-----
AA:AA0,AB0,AD-2,AE-1,CC-4
AB:AA-1,AB0,AD-3,AE-2,CC-5
AD:AA1,AB2,AD0,AE1,CC-2
AE:AA0,AB1,AD-2,AE0,CC-4
CC:AA-1,AB0,AD-3,AE-2,CC0
-----
AA:AA0,AB0,AD-2,AE-1,CC-4
AB:AA-1,AB0,AD-3,AE-2,CC-5
AD:AA1,AB2,AD0,AE1,CC-3
AE:AA0,AB1,AD-2,AE0,CC-4
CC:AA-1,AB0,AD-3,AE-2,CC0
-----
AA:AA0,AB0,AD-2,AE-1,CC-5
AB:AA-1,AB0,AD-3,AE-2,CC-6
AD:AA1,AB2,AD0,AE1,CC-3
AE:AA0,AB1,AD-2,AE0,CC-5
CC:AA-1,AB0,AD-3,AE-2,CC0
-----
AA:AA0,AB0,AD-2,AE-1,CC-5
AB:AA-1,AB0,AD-3,AE-2,CC-6
AD:AA1,AB2,AD0,AE1,CC-4
AE:AA0,AB1,AD-2,AE0,CC-5
CC:AA-1,AB0,AD-3,AE-2,CC0
-----
AA:AA0,AB0,AD-2,AE-1,CC-6
AB:AA-1,AB0,AD-3,AE-2,CC-7
AD:AA1,AB2,AD0,AE1,CC-4
AE:AA0,AB1,AD-2,AE0,CC-6
CC:AA-1,AB0,AD-3,AE-2,CC0
-----
AA:AA0,AB0,AD-2,AE-1,CC-6
AB:AA-1,AB0,AD-3,AE-2,CC-7
AD:AA1,AB2,AD0,AE1,CC-5
AE:AA0,AB1,AD-2,AE0,CC-6
CC:AA-1,AB0,AD-3,AE-2,CC0
-----
AA:AA0,AB0,AD-2,AE-1,CC-7
AB:AA-1,AB0,AD-3,AE-2,CC-8
AD:AA1,AB2,AD0,AE1,CC-5
AE:AA0,AB1,AD-2,AE0,CC-7
CC:AA-1,AB0,AD-3,AE-2,CC0
-----
AA:AA0,AB0,AD-2,AE-1,CC-7
AB:AA-1,AB0,AD-3,AE-2,CC-8
AD:AA1,AB2,AD0,AE1,CC-6
AE:AA0,AB1,AD-2,AE0,CC-7
CC:AA-1,AB0,AD-3,AE-2,CC0
-----
AA:AA0,AB0,AD-2,AE-1,CC-8
AB:AA-1,AB0,AD-3,AE-2,CC-9
AD:AA1,AB2,AD0,AE1,CC-6
AE:AA0,AB1,AD-2,AE0,CC-8
CC:AA-1,AB0,AD-3,AE-2,CC0
-----
AA:AA0,AB0,AD-2,AE-1,CC-8
AB:AA-1,AB0,AD-3,AE-2,CC-9
AD:AA1,AB2,AD0,AE1,CC-7
AE:AA0,AB1,AD-2,AE0,CC-8
CC:AA-1,AB0,AD-3,AE-2,CC0
-----
AA:AA0,AB0,AD-2,AE-1,CC-9
AB:AA-1,AB0,AD-3,AE-2,CC-10
AD:AA1,AB2,AD0,AE1,CC-7
AE:AA0,AB1,AD-2,AE0,CC-9
CC:AA-1,AB0,AD-3,AE-2,CC0
-----
AA:AA0,AB0,AD-2,AE-1,CC-9
AB:AA-1,AB0,AD-3,AE-2,CC-10
AD:AA1,AB2,AD0,AE1,CC-8
AE:AA0,AB1,AD-2,AE0,CC-9
CC:AA-1,AB0,AD-3,AE-2,CC0
-----
AA:AA0,AB0,AD-2,AE-1,CC-10
AB:AA-1,AB0,AD-3,AE-2,CC-11
AD:AA1,AB2,AD0,AE1,CC-8
AE:AA0,AB1,AD-2,AE0,CC-10
CC:AA-1,AB0,AD-3,AE-2,CC0
-----
AA:AA0,AB0,AD-2,AE-1,CC-10
AB:AA-1,AB0,AD-3,AE-2,CC-11
AD:AA1,AB2,AD0,AE1,CC-9
AE:AA0,AB1,AD-2,AE0,CC-10
CC:AA-1,AB0,AD-3,AE-2,CC0
-----
AA:AA0,AB0,AD-2,AE-1,CC-11
AB:AA-1,AB0,AD-3,AE-2,CC-12
AD:AA1,AB2,AD0,AE1,CC-9
AE:AA0,AB1,AD-2,AE0,CC-11
CC:AA-1,AB0,AD-3,AE-2,CC0
-----
AA:AA0,AB0,AD-2,AE-1,CC-11
AB:AA-1,AB0,AD-3,AE-2,CC-12
AD:AA1,AB2,AD0,AE1,CC-10
AE:AA0,AB1,AD-2,AE0,CC-11
CC:AA-1,AB0,AD-3,AE-2,CC0
-----
AA:AA0,AB0,AD-2,AE-1,CC-12
AB:AA-1,AB0,AD-3,AE-2,CC-13
AD:AA1,AB2,AD0,AE1,CC-10
AE:AA0,AB1,AD-2,AE0,CC-12
CC:AA-1,AB0,AD-3,AE-2,CC0
-----
AA:AA0,AB0,AD-2,AE-1,CC-12
AB:AA-1,AB0,AD-3,AE-2,CC-13
AD:AA1,AB2,AD0,AE1,CC-11
AE:AA0,AB1,AD-2,AE0,CC-12
CC:AA-1,AB0,AD-3,AE-2,CC0
-----
AA:AA0,AB0,AD-2,AE-1,CC-13
AB:AA-1,AB0,AD-3,AE-2,CC-14
AD:AA1,AB2,AD0,AE1,CC-11
AE:AA0,AB1,AD-2,AE0,CC-13
CC:AA-1,AB0,AD-3,AE-2,CC0
-----
AA:AA0,AB0,AD-2,AE-1,CC-13
AB:AA-1,AB0,AD-3,AE-2,CC-14
AD:AA1,AB2,AD0,AE1,CC-12
AE:AA0,AB1,AD-2,AE0,CC-13
CC:AA-1,AB0,AD-3,AE-2,CC0
-----
AA:AA0,AB0,AD-2,AE-1,CC-14
AB:AA-1,AB0,AD-3,AE-2,CC-15
AD:AA1,AB2,AD0,AE1,CC-12
AE:AA0,AB1,AD-2,AE0,CC-14
CC:AA-1,AB0,AD-3,AE-2,CC0
-----
AA:AA0,AB0,AD-2,AE-1,CC-14
AB:AA-1,AB0,AD-3,AE-2,CC-15
AD:AA1,AB2,AD0,AE1,CC-13
AE:AA0,AB1,AD-2,AE0,CC-14
CC:AA-1,AB0,AD-3,AE-2,CC0
-----
AA:AA0,AB0,AD-2,AE-1,CC-15
AB:AA-1,AB0,AD-3,AE-2,CC-16
AD:AA1,AB2,AD0,AE1,CC-13
AE:AA0,AB1,AD-2,AE0,CC-15
CC:AA-1,AB0,AD-3,AE-2,CC0
-----
AA:AA0,AB0,AD-2,AE-1,CC-15
AB:AA-1,AB0,AD-3,AE-2,CC-16
AD:AA1,AB2,AD0,AE1,CC-14
AE:AA0,AB1,AD-2,AE0,CC-15
CC:AA-1,AB0,AD-3,AE-2,CC0
-----
AA:AA0,AB0,AD-2,AE-1,CC-16
AB:AA-1,AB0,AD-3,AE-2,CC-17
AD:AA1,AB2,AD0,AE1,CC-14
AE:AA0,AB1,AD-2,AE0,CC-16
CC:AA-1,AB0,AD-3,AE-2,CC0
-----
AA:AA0,AB0,AD-2,AE-1,CC-16
AB:AA-1,AB0,AD-3,AE-2,CC-17
AD:AA1,AB2,AD0,AE1,CC-15
AE:AA0,AB1,AD-2,AE0,CC-16
CC:AA-1,AB0,AD-3,AE-2,CC0
-----
AA:AA0,AB0,AD-2,AE-1,CC-17
AB:AA-1,AB0,AD-3,AE-2,CC-18
AD:AA1,AB2,AD0,AE1,CC-15
AE:AA0,AB1,AD-2,AE0,CC-17
CC:AA-1,AB0,AD-3,AE-2,CC0
-----
AA:AA0,AB0,AD-2,AE-1,CC-17
AB:AA-1,AB0,AD-3,AE-2,CC-18
AD:AA1,AB2,AD0,AE1,CC-16
AE:AA0,AB1,AD-2,AE0,CC-17
CC:AA-1,AB0,AD-3,AE-2,CC0
-----
AA:AA0,AB0,AD-2,AE-1,CC-18
AB:AA-1,AB0,AD-3,AE-2,CC-19
AD:AA1,AB2,AD0,AE1,CC-16
AE:AA0,AB1,AD-2,AE0,CC-18
CC:AA-1,AB0,AD-3,AE-2,CC0
-----
AA:AA0,AB0,AD-2,AE-1,CC-18
AB:AA-1,AB0,AD-3,AE-2,CC-19
AD:AA1,AB2,AD0,AE1,CC-17
AE:AA0,AB1,AD-2,AE0,CC-18
CC:AA-1,AB0,AD-3,AE-2,CC0
-----
AA:AA0,AB0,AD-2,AE-1,CC-19
AB:AA-1,AB0,AD-3,AE-2,CC-20
AD:AA1,AB2,AD0,AE1,CC-17
AE:AA0,AB1,AD-2,AE0,CC-19
CC:AA-1,AB0,AD-3,AE-2,CC0
-----
AA:AA0,AB0,AD-2,AE-1,CC-19
AB:AA-1,AB0,AD-3,AE-2,CC-20
AD:AA1,AB2,AD0,AE1,CC-18
AE:AA0,AB1,AD-2,AE0,CC-19
CC:AA-1,AB0,AD-3,AE-2,CC0
-----
AA:AA0,AB0,AD-2,AE-1,CC-20
AB:AA-1,AB0,AD-3,AE-2,CC-21
AD:AA1,AB2,AD0,AE1,CC-18
AE:AA0,AB1,AD-2,AE0,CC-20
CC:AA-1,AB0,AD-3,AE-2,CC0
-----
AA:AA0,AB0,AD-2,AE-1,CC-20
AB:AA-1,AB0,AD-3,AE-2,CC-21
AD:AA1,AB2,AD0,AE1,CC-19
AE:AA0,AB1,AD-2,AE0,CC-20
CC:AA-1,AB0,AD-3,AE-2,CC0
-----
AA:AA0,AB0,AD-2,AE-1,CC-21
AB:AA-1,AB0,AD-3,AE-2,CC-22
AD:AA1,AB2,AD0,AE1,CC-19
AE:AA0,AB1,AD-2,AE0,CC-21
CC:AA-1,AB0,AD-3,AE-2,CC0
-----
AA:AA0,AB0,AD-2,AE-1,CC-21
AB:AA-1,AB0,AD-3,AE-2,CC-22
AD:AA1,AB2,AD0,AE1,CC-20
AE:AA0,AB1,AD-2,AE0,CC-21
CC:AA-1,AB0,AD-3,AE-2,CC0
-----
AA:AA0,AB0,AD-2,AE-1,CC-22
AB:AA-1,AB0,AD-3,AE-2,CC-23
AD:AA1,AB2,AD0,AE1,CC-20
AE:AA0,AB1,AD-2,AE0,CC-22
CC:AA-1,AB0,AD-3,AE-2,CC0
-----
AA:AA0,AB0,AD-2,AE-1,CC-22
AB:AA-1,AB0,AD-3,AE-2,CC-23
AD:AA1,AB2,AD0,AE1,CC-21
AE:AA0,AB1,AD-2,AE0,CC-22
CC:AA-1,AB0,AD-3,AE-2,CC0
-----
AA:AA0,AB0,AD-2,AE-1,CC-23
AB:AA-1,AB0,AD-3,AE-2,CC-24
AD:AA1,AB2,AD0,AE1,CC-21
AE:AA0,AB1,AD-2,AE0,CC-23
CC:AA-1,AB0,AD-3,AE-2,CC0
-----
AA:AA0,AB0,AD-2,AE-1,CC-23
AB:AA-1,AB0,AD-3,AE-2,CC-24
AD:AA1,AB2,AD0,AE1,CC-22
AE:AA0,AB1,AD-2,AE0,CC-23
CC:AA-1,AB0,AD-3,AE-2,CC0
-----
AA:AA0,AB0,AD-2,AE-1,CC-24
AB:AA-1,AB0,AD-3,AE-2,CC-25
AD:AA1,AB2,AD0,AE1,CC-22
AE:AA0,AB1,AD-2,AE0,CC-24
CC:AA-1,AB0,AD-3,AE-2,CC0
-----
AA:AA0,AB0,AD-2,AE-1,CC-24
AB:AA-1,AB0,AD-3,AE-2,CC-25
AD:AA1,AB2,AD0,AE1,CC-23
AE:AA0,AB1,AD-2,AE0,CC-24
CC:AA-1,AB0,AD-3,AE-2,CC0
-----
AA:AA0,AB0,AD-2,AE-1,CC-25
AB:AA-1,AB0,AD-3,AE-2,CC-26
AD:AA1,AB2,AD0,AE1,CC-23
AE:AA0,AB1,AD-2,AE0,CC-25
CC:AA-1,AB0,AD-3,AE-2,CC0
-----
AA:AA0,AB0,AD-2,AE-1,CC-25
AB:AA-1,AB0,AD-3,AE-2,CC-26
AD:AA1,AB2,AD0,AE1,CC-24
AE:AA0,AB1,AD-2,AE0,CC-25
CC:AA-1,AB0,AD-3,AE-2,CC0
-----
AA:AA0,AB0,AD-2,AE-1,CC-26
AB:AA-1,AB0,AD-3,AE-2,CC-27
AD:AA1,AB2,AD0,AE1,CC-24
AE:AA0,AB1,AD-2,AE0,CC-26
CC:AA-1,AB0,AD-3,AE-2,CC0
-----
AA:AA0,AB0,AD-2,AE-1,CC-26
AB:AA-1,AB0,AD-3,AE-2,CC-27
AD:AA1,AB2,AD0,AE1,CC-25
AE:AA0,AB1,AD-2,AE0,CC-26
CC:AA-1,AB0,AD-3,AE-2,CC0
-----
AA:AA0,AB0,AD-2,AE-1,CC-27
AB:AA-1,AB0,AD-3,AE-2,CC-28
AD:AA1,AB2,AD0,AE1,CC-25
AE:AA0,AB1,AD-2,AE0,CC-27
CC:AA-1,AB0,AD-3,AE-2,CC0
-----
AA:AA0,AB0,AD-2,AE-1,CC-27
AB:AA-1,AB0,AD-3,AE-2,CC-28
AD:AA1,AB2,AD0,AE1,CC-26
AE:AA0,AB1,AD-2,AE0,CC-27
CC:AA-1,AB0,AD-3,AE-2,CC0
-----
AA:AA0,AB0,AD-2,AE-1,CC-28
AB:AA-1,AB0,AD-3,AE-2,CC-29
AD:AA1,AB2,AD0,AE1,CC-26
AE:AA0,AB1,AD-2,AE0,CC-28
CC:AA-1,AB0,AD-3,AE-2,CC0
-----
AA:AA0,AB0,AD-2,AE-1,CC-28
AB:AA-1,AB0,AD-3,AE-2,CC-29
AD:AA1,AB2,AD0,AE1,CC-27
AE:AA0,AB1,AD-2,AE0,CC-28
CC:AA-1,AB0,AD-3,AE-2,CC0
-----
AA:AA0,AB0,AD-2,AE-1,CC-29
AB:AA-1,AB0,AD-3,AE-2,CC-30
AD:AA1,AB2,AD0,AE1,CC-27
AE:AA0,AB1,AD-2,AE0,CC-29
CC:AA-1,AB0,AD-3,AE-2,CC0
-----
AA:AA0,AB0,AD-2,AE-1,CC-29
AB:AA-1,AB0,AD-3,AE-2,CC-30
AD:AA1,AB2,AD0,AE1,CC-28
AE:AA0,AB1,AD-2,AE0,CC-29
CC:AA-1,AB0,AD-3,AE-2,CC0
-----
AA:AA0,AB0,AD-2,AE-1,CC-30
AB:AA-1,AB0,AD-3,AE-2,CC-31
AD:AA1,AB2,AD0,AE1,CC-28
AE:AA0,AB1,AD-2,AE0,CC-30
CC:AA-1,AB0,AD-3,AE-2,CC0
-----
AA:AA0,AB0,AD-2,AE-1,CC-30
AB:AA-1,AB0,AD-3,AE-2,CC-31
AD:AA1,AB2,AD0,AE1,CC-29
AE:AA0,AB1,AD-2,AE0,CC-30
CC:AA-1,AB0,AD-3,AE-2,CC0
-----
AA:AA0,AB0,AD-2,AE-1,CC-31
AB:AA-1,AB0,AD-3,AE-2,CC-32
AD:AA1,AB2,AD0,AE1,CC-29
AE:AA0,AB1,AD-2,AE0,CC-31
CC:AA-1,AB0,AD-3,AE-2,CC0
-----
AA:AA0,AB0,AD-2,AE-1,CC-31
AB:AA-1,AB0,AD-3,AE-2,CC-32
AD:AA1,AB2,AD0,AE1,CC-30
AE:AA0,AB1,AD-2,AE0,CC-31
CC:AA-1,AB0,AD-3,AE-2,CC0
-----
AA:AA0,AB0,AD-2,AE-1,CC-32
AB:AA-1,AB0,AD-3,AE-2,CC-33
AD:AA1,AB2,AD0,AE1,CC-30
AE:AA0,AB1,AD-2,AE0,CC-32
CC:AA-1,AB0,AD-3,AE-2,CC0
-----
AA:AA0,AB0,AD-2,AE-1,CC-32
AB:AA-1,AB0,AD-3,AE-2,CC-33
AD:AA1,AB2,AD0,AE1,CC-31
AE:AA0,AB1,AD-2,AE0,CC-32
CC:AA-1,AB0,AD-3,AE-2,CC0
-----
AA:AA0,AB0,AD-2,AE-1,CC-33
AB:AA-1,AB0,AD-3,AE-2,CC-34
AD:AA1,AB2,AD0,AE1,CC-31
AE:AA0,AB1,AD-2,AE0,CC-33
CC:AA-1,AB0,AD-3,AE-2,CC0
-----
AA:AA0,AB0,AD-2,AE-1,CC-33
AB:AA-1,AB0,AD-3,AE-2,CC-34
AD:AA1,AB2,AD0,AE1,CC-32
AE:AA0,AB1,AD-2,AE0,CC-33
CC:AA-1,AB0,AD-3,AE-2,CC0
-----
AA:AA0,AB0,AD-2,AE-1,CC-34
AB:AA-1,AB0,AD-3,AE-2,CC-35
AD:AA1,AB2,AD0,AE1,CC-32
AE:AA0,AB1,AD-2,AE0,CC-34
CC:AA-1,AB0,AD-3,AE-2,CC0
-----
AA:AA0,AB0,AD-2,AE-1,CC-34
AB:AA-1,AB0,AD-3,AE-2,CC-35
AD:AA1,AB2,AD0,AE1,CC-33
AE:AA0,AB1,AD-2,AE0,CC-34
CC:AA-1,AB0,AD-3,AE-2,CC0
-----
AA:AA0,AB0,AD-2,AE-1,CC-35
AB:AA-1,AB0,AD-3,AE-2,CC-36
AD:AA1,AB2,AD0,AE1,CC-33
AE:AA0,AB1,AD-2,AE0,CC-35
CC:AA-1,AB0,AD-3,AE-2,CC0
-----
AA:AA0,AB0,AD-2,AE-1,CC-35
AB:AA-1,AB0,AD-3,AE-2,CC-36
AD:AA1,AB2,AD0,AE1,CC-34
AE:AA0,AB1,AD-2,AE0,CC-35
CC:AA-1,AB0,AD-3,AE-2,CC0
-----
AA:AA0,AB0,AD-2,AE-1,CC-36
AB:AA-1,AB0,AD-3,AE-2,CC-37
AD:AA1,AB2,AD0,AE1,CC-34
AE:AA0,AB1,AD-2,AE0,CC-36
CC:AA-1,AB0,AD-3,AE-2,CC0
-----
AA:AA0,AB0,AD-2,AE-1,CC-36
AB:AA-1,AB0,AD-3,AE-2,CC-37
AD:AA1,AB2,AD0,AE1,CC-35
AE:AA0,AB1,AD-2,AE0,CC-36
CC:AA-1,AB0,AD-3,AE-2,CC0
-----
AA:AA0,AB0,AD-2,AE-1,CC-37
AB:AA-1,AB0,AD-3,AE-2,CC-38
AD:AA1,AB2,AD0,AE1,CC-35
AE:AA0,AB1,AD-2,AE0,CC-37
CC:AA-1,AB0,AD-3,AE-2,CC0
-----
AA:AA0,AB0,AD-2,AE-1,CC-37
AB:AA-1,AB0,AD-3,AE-2,CC-38
AD:AA1,AB2,AD0,AE1,CC-36
AE:AA0,AB1,AD-2,AE0,CC-37
CC:AA-1,AB0,AD-3,AE-2,CC0
-----
AA:AA0,AB0,AD-2,AE-1,CC-38
AB:AA-1,AB0,AD-3,AE-2,CC-39
AD:AA1,AB2,AD0,AE1,CC-36
AE:AA0,AB1,AD-2,AE0,CC-38
CC:AA-1,AB0,AD-3,AE-2,CC0
-----
AA:AA0,AB0,AD-2,AE-1,CC-38
AB:AA-1,AB0,AD-3,AE-2,CC-39
AD:AA1,AB2,AD0,AE1,CC-37
AE:AA0,AB1,AD-2,AE0,CC-38
CC:AA-1,AB0,AD-3,AE-2,CC0
-----
AA:AA0,AB0,AD-2,AE-1,CC-39
AB:AA-1,AB0,AD-3,AE-2,CC-40
AD:AA1,AB2,AD0,AE1,CC-37
AE:AA0,AB1,AD-2,AE0,CC-39
CC:AA-1,AB0,AD-3,AE-2,CC0
-----
AA:AA0,AB0,AD-2,AE-1,CC-39
AB:AA-1,AB0,AD-3,AE-2,CC-40
AD:AA1,AB2,AD0,AE1,CC-38
AE:AA0,AB1,AD-2,AE0,CC-39
CC:AA-1,AB0,AD-3,AE-2,CC0
-----
AA:AA0,AB0,AD-2,AE-1,CC-40
AB:AA-1,AB0,AD-3,AE-2,CC-41
AD:AA1,AB2,AD0,AE1,CC-38
AE:AA0,AB1,AD-2,AE0,CC-40
CC:AA-1,AB0,AD-3,AE-2,CC0
-----
AA:AA0,AB0,AD-2,AE-1,CC-40
AB:AA-1,AB0,AD-3,AE-2,CC-41
AD:AA1,AB2,AD0,AE1,CC-39
AE:AA0,AB1,AD-2,AE0,CC-40
CC:AA-1,AB0,AD-3,AE-2,CC0
-----
AA:AA0,AB0,AD-2,AE-1,CC-41
AB:AA-1,AB0,AD-3,AE-2,CC-42
AD:AA1,AB2,AD0,AE1,CC-39
AE:AA0,AB1,AD-2,AE0,CC-41
CC:AA-1,AB0,AD-3,AE-2,CC0
-----
AA:AA0,AB0,AD-2,AE-1,CC-41
AB:AA-1,AB0,AD-3,AE-2,CC-42
AD:AA1,AB2,AD0,AE1,CC-40
AE:AA0,AB1,AD-2,AE0,CC-41
CC:AA-1,AB0,AD-3,AE-2,CC0
-----
AA:AA0,AB0,AD-2,AE-1,CC-42
AB:AA-1,AB0,AD-3,AE-2,CC-43
AD:AA1,AB2,AD0,AE1,CC-40
AE:AA0,AB1,AD-2,AE0,CC-42
CC:AA-1,AB0,AD-3,AE-2,CC0
-----
AA:AA0,AB0,AD-2,AE-1,CC-42
AB:AA-1,AB0,AD-3,AE-2,CC-43
AD:AA1,AB2,AD0,AE1,CC-41
AE:AA0,AB1,AD-2,AE0,CC-42
CC:AA-1,AB0,AD-3,AE-2,CC0
-----
AA:AA0,AB0,AD-2,AE-1,CC-43
AB:AA-1,AB0,AD-3,AE-2,CC-44
AD:AA1,AB2,AD0,AE1,CC-41
AE:AA0,AB1,AD-2,AE0,CC-43
CC:AA-1,AB0,AD-3,AE-2,CC0
-----
AA:AA0,AB0,AD-2,AE-1,CC-43
AB:AA-1,AB0,AD-3,AE-2,CC-44
AD:AA1,AB2,AD0,AE1,CC-42
AE:AA0,AB1,AD-2,AE0,CC-43
CC:AA-1,AB0,AD-3,AE-2,CC0
-----
AA:AA0,AB0,AD-2,AE-1,CC-44
AB:AA-1,AB0,AD-3,AE-2,CC-45
AD:AA1,AB2,AD0,AE1,CC-42
AE:AA0,AB1,AD-2,AE0,CC-44
CC:AA-1,AB0,AD-3,AE-2,CC0
-----
AA:AA0,AB0,AD-2,AE-1,CC-44
AB:AA-1,AB0,AD-3,AE-2,CC-45
AD:AA1,AB2,AD0,AE1,CC-43
AE:AA0,AB1,AD-2,AE0,CC-44
CC:AA-1,AB0,AD-3,AE-2,CC0
-----
AA:AA0,AB0,AD-2,AE-1,CC-45
AB:AA-1,AB0,AD-3,AE-2,CC-46
AD:AA1,AB2,AD0,AE1,CC-43
AE:AA0,AB1,AD-2,AE0,CC-45
CC:AA-1,AB0,AD-3,AE-2,CC0
-----
AA:AA0,AB0,AD-2,AE-1,CC-45
AB:AA-1,AB0,AD-3,AE-2,CC-46
AD:AA1,AB2,AD0,AE1,CC-44
AE:AA0,AB1,AD-2,AE0,CC-45
CC:AA-1,AB0,AD-3,AE-2,CC0
-----
AA:AA0,AB0,AD-2,AE-1,CC-46
AB:AA-1,AB0,AD-3,AE-2,CC-47
AD:AA1,AB2,AD0,AE1,CC-44
AE:AA0,AB1,AD-2,AE0,CC-46
CC:AA-1,AB0,AD-3,AE-2,CC0
-----
AA:AA0,AB0,AD-2,AE-1,CC-46
AB:AA-1,AB0,AD-3,AE-2,CC-47
AD:AA1,AB2,AD0,AE1,CC-45
AE:AA0,AB1,AD-2,AE0,CC-46
CC:AA-1,AB0,AD-3,AE-2,CC0
-----
AA:AA0,AB0,AD-2,AE-1,CC-47
AB:AA-1,AB0,AD-3,AE-2,CC-48
AD:AA1,AB2,AD0,AE1,CC-45
AE:AA0,AB1,AD-2,AE0,CC-47
CC:AA-1,AB0,AD-3,AE-2,CC0
-----
AA:AA0,AB0,AD-2,AE-1,CC-47
AB:AA-1,AB0,AD-3,AE-2,CC-48
AD:AA1,AB2,AD0,AE1,CC-46
AE:AA0,AB1,AD-2,AE0,CC-47
CC:AA-1,AB0,AD-3,AE-2,CC0
-----
AA:AA0,AB0,AD-2,AE-1,CC-48
AB:AA-1,AB0,AD-3,AE-2,CC-49
AD:AA1,AB2,AD0,AE1,CC-46
AE:AA0,AB1,AD-2,AE0,CC-48
CC:AA-1,AB0,AD-3,AE-2,CC0
-----
AA:AA0,AB0,AD-2,AE-1,CC-48
AB:AA-1,AB0,AD-3,AE-2,CC-49
AD:AA1,AB2,AD0,AE1,CC-47
AE:AA0,AB1,AD-2,AE0,CC-48
CC:AA-1,AB0,AD-3,AE-2,CC0
-----
AA:AA0,AB0,AD-2,AE-1,CC-49
AB:AA-1,AB0,AD-3,AE-2,CC-50
AD:AA1,AB2,AD0,AE1,CC-47
AE:AA0,AB1,AD-2,AE0,CC-49
CC:AA-1,AB0,AD-3,AE-2,CC0
-----
AA:AA0,AB0,AD-2,AE-1,CC-49
AB:AA-1,AB0,AD-3,AE-2,CC-50
AD:AA1,AB2,AD0,AE1,CC-48
AE:AA0,AB1,AD-2,AE0,CC-49
CC:AA-1,AB0,AD-3,AE-2,CC0
-----
AA:AA0,AB0,AD-2,AE-1,CC-50
AB:AA-1,AB0,AD-3,AE-2,CC-51
AD:AA1,AB2,AD0,AE1,CC-48
AE:AA0,AB1,AD-2,AE0,CC-50
CC:AA-1,AB0,AD-3,AE-2,CC0
-----
AA:AA0,AB0,AD-2,AE-1,CC-50
AB:AA-1,AB0,AD-3,AE-2,CC-51
AD:AA1,AB2,AD0,AE1,CC-49
AE:AA0,AB1,AD-2,AE0,CC-50
CC:AA-1,AB0,AD-3,AE-2,CC0
-----
AA:AA0,AB0,AD-2,AE-1,CC-51
AB:AA-1,AB0,AD-3,AE-2,CC-52
AD:AA1,AB2,AD0,AE1,CC-49
AE:AA0,AB1,AD-2,AE0,CC-51
CC:AA-1,AB0,AD-3,AE-2,CC0
-----
AA:AA0,AB0,AD-2,AE-1,CC-51
AB:AA-1,AB0,AD-3,AE-2,CC-52
AD:AA1,AB2,AD0,AE1,CC-50
AE:AA0,AB1,AD-2,AE0,CC-51
CC:AA-1,AB0,AD-3,AE-2,CC0
-----
AA:AA0,AB0,AD-2,AE-1,CC-52
AB:AA-1,AB0,AD-3,AE-2,CC-53
AD:AA1,AB2,AD0,AE1,CC-50
AE:AA0,AB1,AD-2,AE0,CC-52
CC:AA-1,AB0,AD-3,AE-2,CC0
-----
AA:AA0,AB0,AD-2,AE-1,CC-52
AB:AA-1,AB0,AD-3,AE-2,CC-53
AD:AA1,AB2,AD0,AE1,CC-51
AE:AA0,AB1,AD-2,AE0,CC-52
CC:AA-1,AB0,AD-3,AE-2,CC0
-----
AA:AA0,AB0,AD-2,AE-1,CC-53
AB:AA-1,AB0,AD-3,AE-2,CC-54
AD:AA1,AB2,AD0,AE1,CC-51
AE:AA0,AB1,AD-2,AE0,CC-53
CC:AA-1,AB0,AD-3,AE-2,CC0
-----
AA:AA0,AB0,AD-2,AE-1,CC-53
AB:AA-1,AB0,AD-3,AE-2,CC-54
AD:AA1,AB2,AD0,AE1,CC-52
AE:AA0,AB1,AD-2,AE0,CC-53
CC:AA-1,AB0,AD-3,AE-2,CC0
-----
AA:AA0,AB0,AD-2,AE-1,CC-54
AB:AA-1,AB0,AD-3,AE-2,CC-55
AD:AA1,AB2,AD0,AE1,CC-52
AE:AA0,AB1,AD-2,AE0,CC-54
CC:AA-1,AB0,AD-3,AE-2,CC0
-----
AA:AA0,AB0,AD-2,AE-1,CC-54
AB:AA-1,AB0,AD-3,AE-2,CC-55
AD:AA1,AB2,AD0,AE1,CC-53
AE:AA0,AB1,AD-2,AE0,CC-54
CC:AA-1,AB0,AD-3,AE-2,CC0
-----
AA:AA0,AB0,AD-2,AE-1,CC-55
AB:AA-1,AB0,AD-3,AE-2,CC-56
AD:AA1,AB2,AD0,AE1,CC-53
AE:AA0,AB1,AD-2,AE0,CC-55
CC:AA-1,AB0,AD-3,AE-2,CC0
-----
AA:AA0,AB0,AD-2,AE-1,CC-55
AB:AA-1,AB0,AD-3,AE-2,CC-56
AD:AA1,AB2,AD0,AE1,CC-54
AE:AA0,AB1,AD-2,AE0,CC-55
CC:AA-1,AB0,AD-3,AE-2,CC0
-----
AA:AA0,AB0,AD-2,AE-1,CC-56
AB:AA-1,AB0,AD-3,AE-2,CC-57
AD:AA1,AB2,AD0,AE1,CC-54
AE:AA0,AB1,AD-2,AE0,CC-56
CC:AA-1,AB0,AD-3,AE-2,CC0
-----
AA:AA0,AB0,AD-2,AE-1,CC-56
AB:AA-1,AB0,AD-3,AE-2,CC-57
AD:AA1,AB2,AD0,AE1,CC-55
AE:AA0,AB1,AD-2,AE0,CC-56
CC:AA-1,AB0,AD-3,AE-2,CC0
-----
AA:AA0,AB0,AD-2,AE-1,CC-57
AB:AA-1,AB0,AD-3,AE-2,CC-58
AD:AA1,AB2,AD0,AE1,CC-55
AE:AA0,AB1,AD-2,AE0,CC-57
CC:AA-1,AB0,AD-3,AE-2,CC0
-----
AA:AA0,AB0,AD-2,AE-1,CC-57
AB:AA-1,AB0,AD-3,AE-2,CC-58
AD:AA1,AB2,AD0,AE1,CC-56
AE:AA0,AB1,AD-2,AE0,CC-57
CC:AA-1,AB0,AD-3,AE-2,CC0
-----
AA:AA0,AB0,AD-2,AE-1,CC-58
AB:AA-1,AB0,AD-3,AE-2,CC-59
AD:AA1,AB2,AD0,AE1,CC-56
AE:AA0,AB1,AD-2,AE0,CC-58
CC:AA-1,AB0,AD-3,AE-2,CC0
-----
AA:AA0,AB0,AD-2,AE-1,CC-58
AB:AA-1,AB0,AD-3,AE-2,CC-59
AD:AA1,AB2,AD0,AE1,CC-57
AE:AA0,AB1,AD-2,AE0,CC-58
CC:AA-1,AB0,AD-3,AE-2,CC0
-----
AA:AA0,AB0,AD-2,AE-1,CC-59
AB:AA-1,AB0,AD-3,AE-2,CC-60
AD:AA1,AB2,AD0,AE1,CC-57
AE:AA0,AB1,AD-2,AE0,CC-59
CC:AA-1,AB0,AD-3,AE-2,CC0
-----
AA:AA0,AB0,AD-2,AE-1,CC-59
AB:AA-1,AB0,AD-3,AE-2,CC-60
AD:AA1,AB2,AD0,AE1,CC-58
AE:AA0,AB1,AD-2,AE0,CC-59
CC:AA-1,AB0,AD-3,AE-2,CC0
-----
AA:AA0,AB0,AD-2,AE-1,CC-60
AB:AA-1,AB0,AD-3,AE-2,CC-61
AD:AA1,AB2,AD0,AE1,CC-58
AE:AA0,AB1,AD-2,AE0,CC-60
CC:AA-1,AB0,AD-3,AE-2,CC0
-----
AA:AA0,AB0,AD-2,AE-1,CC-60
AB:AA-1,AB0,AD-3,AE-2,CC-61
AD:AA1,AB2,AD0,AE1,CC-59
AE:AA0,AB1,AD-2,AE0,CC-60
CC:AA-1,AB0,AD-3,AE-2,CC0
-----
AA:AA0,AB0,AD-2,AE-1,CC-61
AB:AA-1,AB0,AD-3,AE-2,CC-62
AD:AA1,AB2,AD0,AE1,CC-59
AE:AA0,AB1,AD-2,AE0,CC-61
CC:AA-1,AB0,AD-3,AE-2,CC0
-----
AA:AA0,AB0,AD-2,AE-1,CC-61
AB:AA-1,AB0,AD-3,AE-2,CC-62
AD:AA1,AB2,AD0,AE1,CC-60
AE:AA0,AB1,AD-2,AE0,CC-61
CC:AA-1,AB0,AD-3,AE-2,CC0
-----
AA:AA0,AB0,AD-2,AE-1,CC-62
AB:AA-1,AB0,AD-3,AE-2,CC-63
AD:AA1,AB2,AD0,AE1,CC-60
AE:AA0,AB1,AD-2,AE0,CC-62
CC:AA-1,AB0,AD-3,AE-2,CC0
-----
AA:AA0,AB0,AD-2,AE-1,CC-62
AB:AA-1,AB0,AD-3,AE-2,CC-63
AD:AA1,AB2,AD0,AE1,CC-61
AE:AA0,AB1,AD-2,AE0,CC-62
CC:AA-1,AB0,AD-3,AE-2,CC0
-----
AA:AA0,AB0,AD-2,AE-1,CC-63
AB:AA-1,AB0,AD-3,AE-2,CC-64
AD:AA1,AB2,AD0,AE1,CC-61
AE:AA0,AB1,AD-2,AE0,CC-63
CC:AA-1,AB0,AD-3,AE-2,CC0
-----
AA:AA0,AB0,AD-2,AE-1,CC-63
AB:AA-1,AB0,AD-3,AE-2,CC-64
AD:AA1,AB2,AD0,AE1,CC-62
AE:AA0,AB1,AD-2,AE0,CC-63
CC:AA-1,AB0,AD-3,AE-2,CC0
-----
AA:AA0,AB0,AD-2,AE-1,CC-64
AB:AA-1,AB0,AD-3,AE-2,CC-65
AD:AA1,AB2,AD0,AE1,CC-62
AE:AA0,AB1,AD-2,AE0,CC-64
CC:AA-1,AB0,AD-3,AE-2,CC0
-----
AA:AA0,AB0,AD-2,AE-1,CC-64
AB:AA-1,AB0,AD-3,AE-2,CC-65
AD:AA1,AB2,AD0,AE1,CC-63
AE:AA0,AB1,AD-2,AE0,CC-64
CC:AA-1,AB0,AD-3,AE-2,CC0
-----
AA:AA0,AB0,AD-2,AE-1,CC-65
AB:AA-1,AB0,AD-3,AE-2,CC-66
AD:AA1,AB2,AD0,AE1,CC-63
AE:AA0,AB1,AD-2,AE0,CC-65
CC:AA-1,AB0,AD-3,AE-2,CC0
-----
AA:AA0,AB0,AD-2,AE-1,CC-65
AB:AA-1,AB0,AD-3,AE-2,CC-66
AD:AA1,AB2,AD0,AE1,CC-64
AE:AA0,AB1,AD-2,AE0,CC-65
CC:AA-1,AB0,AD-3,AE-2,CC0
-----
AA:AA0,AB0,AD-2,AE-1,CC-66
AB:AA-1,AB0,AD-3,AE-2,CC-67
AD:AA1,AB2,AD0,AE1,CC-64
AE:AA0,AB1,AD-2,AE0,CC-66
CC:AA-1,AB0,AD-3,AE-2,CC0
-----
AA:AA0,AB0,AD-2,AE-1,CC-66
AB:AA-1,AB0,AD-3,AE-2,CC-67
AD:AA1,AB2,AD0,AE1,CC-65
AE:AA0,AB1,AD-2,AE0,CC-66
CC:AA-1,AB0,AD-3,AE-2,CC0
-----
AA:AA0,AB0,AD-2,AE-1,CC-67
AB:AA-1,AB0,AD-3,AE-2,CC-68
AD:AA1,AB2,AD0,AE1,CC-65
AE:AA0,AB1,AD-2,AE0,CC-67
CC:AA-1,AB0,AD-3,AE-2,CC0
-----
AA:AA0,AB0,AD-2,AE-1,CC-67
AB:AA-1,AB0,AD-3,AE-2,CC-68
AD:AA1,AB2,AD0,AE1,CC-66
AE:AA0,AB1,AD-2,AE0,CC-67
CC:AA-1,AB0,AD-3,AE-2,CC0
-----
AA:AA0,AB0,AD-2,AE-1,CC-68
AB:AA-1,AB0,AD-3,AE-2,CC-69
AD:AA1,AB2,AD0,AE1,CC-66
AE:AA0,AB1,AD-2,AE0,CC-68
CC:AA-1,AB0,AD-3,AE-2,CC0
-----
AA:AA0,AB0,AD-2,AE-1,CC-68
AB:AA-1,AB0,AD-3,AE-2,CC-69
AD:AA1,AB2,AD0,AE1,CC-67
AE:AA0,AB1,AD-2,AE0,CC-68
CC:AA-1,AB0,AD-3,AE-2,CC0
-----
AA:AA0,AB0,AD-2,AE-1,CC-69
AB:AA-1,AB0,AD-3,AE-2,CC-70
AD:AA1,AB2,AD0,AE1,CC-67
AE:AA0,AB1,AD-2,AE0,CC-69
CC:AA-1,AB0,AD-3,AE-2,CC0
-----
AA:AA0,AB0,AD-2,AE-1,CC-69
AB:AA-1,AB0,AD-3,AE-2,CC-70
AD:AA1,AB2,AD0,AE1,CC-68
AE:AA0,AB1,AD-2,AE0,CC-69
CC:AA-1,AB0,AD-3,AE-2,CC0
-----
AA:AA0,AB0,AD-2,AE-1,CC-70
AB:AA-1,AB0,AD-3,AE-2,CC-71
AD:AA1,AB2,AD0,AE1,CC-68
AE:AA0,AB1,AD-2,AE0,CC-70
CC:AA-1,AB0,AD-3,AE-2,CC0
-----
AA:AA0,AB0,AD-2,AE-1,CC-70
AB:AA-1,AB0,AD-3,AE-2,CC-71
AD:AA1,AB2,AD0,AE1,CC-69
AE:AA0,AB1,AD-2,AE0,CC-70
CC:AA-1,AB0,AD-3,AE-2,CC0
-----
AA:AA0,AB0,AD-2,AE-1,CC-71
AB:AA-1,AB0,AD-3,AE-2,CC-72
AD:AA1,AB2,AD0,AE1,CC-69
AE:AA0,AB1,AD-2,AE0,CC-71
CC:AA-1,AB0,AD-3,AE-2,CC0
-----
AA:AA0,AB0,AD-2,AE-1,CC-71
AB:AA-1,AB0,AD-3,AE-2,CC-72
AD:AA1,AB2,AD0,AE1,CC-70
AE:AA0,AB1,AD-2,AE0,CC-71
CC:AA-1,AB0,AD-3,AE-2,CC0
-----
AA:AA0,AB0,AD-2,AE-1,CC-72
AB:AA-1,AB0,AD-3,AE-2,CC-73
AD:AA1,AB2,AD0,AE1,CC-70
AE:AA0,AB1,AD-2,AE0,CC-72
CC:AA-1,AB0,AD-3,AE-2,CC0
-----
AA:AA0,AB0,AD-2,AE-1,CC-72
AB:AA-1,AB0,AD-3,AE-2,CC-73
AD:AA1,AB2,AD0,AE1,CC-71
AE:AA0,AB1,AD-2,AE0,CC-72
CC:AA-1,AB0,AD-3,AE-2,CC0
-----
AA:AA0,AB0,AD-2,AE-1,CC-73
AB:AA-1,AB0,AD-3,AE-2,CC-74
AD:AA1,AB2,AD0,AE1,CC-71
AE:AA0,AB1,AD-2,AE0,CC-73
CC:AA-1,AB0,AD-3,AE-2,CC0
-----
AA:AA0,AB0,AD-2,AE-1,CC-73
AB:AA-1,AB0,AD-3,AE-2,CC-74
AD:AA1,AB2,AD0,AE1,CC-72
AE:AA0,AB1,AD-2,AE0,CC-73
CC:AA-1,AB0,AD-3,AE-2,CC0
-----
AA:AA0,AB0,AD-2,AE-1,CC-74
AB:AA-1,AB0,AD-3,AE-2,CC-75
AD:AA1,AB2,AD0,AE1,CC-72
AE:AA0,AB1,AD-2,AE0,CC-74
CC:AA-1,AB0,AD-3,AE-2,CC0
-----
AA:AA0,AB0,AD-2,AE-1,CC-74
AB:AA-1,AB0,AD-3,AE-2,CC-75
AD:AA1,AB2,AD0,AE1,CC-73
AE:AA0,AB1,AD-2,AE0,CC-74
CC:AA-1,AB0,AD-3,AE-2,CC0
-----
AA:AA0,AB0,AD-2,AE-1,CC-75
AB:AA-1,AB0,AD-3,AE-2,CC-76
AD:AA1,AB2,AD0,AE1,CC-73
AE:AA0,AB1,AD-2,AE0,CC-75
CC:AA-1,AB0,AD-3,AE-2,CC0
-----
AA:AA0,AB0,AD-2,AE-1,CC-75
AB:AA-1,AB0,AD-3,AE-2,CC-76
AD:AA1,AB2,AD0,AE1,CC-74
AE:AA0,AB1,AD-2,AE0,CC-75
CC:AA-1,AB0,AD-3,AE-2,CC0
-----
AA:AA0,AB0,AD-2,AE-1,CC-76
AB:AA-1,AB0,AD-3,AE-2,CC-77
AD:AA1,AB2,AD0,AE1,CC-74
AE:AA0,AB1,AD-2,AE0,CC-76
CC:AA-1,AB0,AD-3,AE-2,CC0
-----
AA:AA0,AB0,AD-2,AE-1,CC-76
AB:AA-1,AB0,AD-3,AE-2,CC-77
AD:AA1,AB2,AD0,AE1,CC-75
AE:AA0,AB1,AD-2,AE0,CC-76
CC:AA-1,AB0,AD-3,AE-2,CC0
-----
AA:AA0,AB0,AD-2,AE-1,CC-77
AB:AA-1,AB0,AD-3,AE-2,CC-78
AD:AA1,AB2,AD0,AE1,CC-75
AE:AA0,AB1,AD-2,AE0,CC-77
CC:AA-1,AB0,AD-3,AE-2,CC0
-----
AA:AA0,AB0,AD-2,AE-1,CC-77
AB:AA-1,AB0,AD-3,AE-2,CC-78
AD:AA1,AB2,AD0,AE1,CC-76
AE:AA0,AB1,AD-2,AE0,CC-77
CC:AA-1,AB0,AD-3,AE-2,CC0
-----
AA:AA0,AB0,AD-2,AE-1,CC-78
AB:AA-1,AB0,AD-3,AE-2,CC-79
AD:AA1,AB2,AD0,AE1,CC-76
AE:AA0,AB1,AD-2,AE0,CC-78
CC:AA-1,AB0,AD-3,AE-2,CC0
-----
AA:AA0,AB0,AD-2,AE-1,CC-78
AB:AA-1,AB0,AD-3,AE-2,CC-79
AD:AA1,AB2,AD0,AE1,CC-77
AE:AA0,AB1,AD-2,AE0,CC-78
CC:AA-1,AB0,AD-3,AE-2,CC0
-----
AA:AA0,AB0,AD-2,AE-1,CC-79
AB:AA-1,AB0,AD-3,AE-2,CC-80
AD:AA1,AB2,AD0,AE1,CC-77
AE:AA0,AB1,AD-2,AE0,CC-79
CC:AA-1,AB0,AD-3,AE-2,CC0
-----
AA:AA0,AB0,AD-2,AE-1,CC-79
AB:AA-1,AB0,AD-3,AE-2,CC-80
AD:AA1,AB2,AD0,AE1,CC-78
AE:AA0,AB1,AD-2,AE0,CC-79
CC:AA-1,AB0,AD-3,AE-2,CC0
-----
AA:AA0,AB0,AD-2,AE-1,CC-80
AB:AA-1,AB0,AD-3,AE-2,CC-81
AD:AA1,AB2,AD0,AE1,CC-78
AE:AA0,AB1,AD-2,AE0,CC-80
CC:AA-1,AB0,AD-3,AE-2,CC0
-----
AA:AA0,AB0,AD-2,AE-1,CC-80
AB:AA-1,AB0,AD-3,AE-2,CC-81
AD:AA1,AB2,AD0,AE1,CC-79
AE:AA0,AB1,AD-2,AE0,CC-80
CC:AA-1,AB0,AD-3,AE-2,CC0
-----
AA:AA0,AB0,AD-2,AE-1,CC-81
AB:AA-1,AB0,AD-3,AE-2,CC-82
AD:AA1,AB2,AD0,AE1,CC-79
AE:AA0,AB1,AD-2,AE0,CC-81
CC:AA-1,AB0,AD-3,AE-2,CC0
-----
AA:AA0,AB0,AD-2,AE-1,CC-81
AB:AA-1,AB0,AD-3,AE-2,CC-82
AD:AA1,AB2,AD0,AE1,CC-80
AE:AA0,AB1,AD-2,AE0,CC-81
CC:AA-1,AB0,AD-3,AE-2,CC0
-----
AA:AA0,AB0,AD-2,AE-1,CC-82
AB:AA-1,AB0,AD-3,AE-2,CC-83
AD:AA1,AB2,AD0,AE1,CC-80
AE:AA0,AB1,AD-2,AE0,CC-82
CC:AA-1,AB0,AD-3,AE-2,CC0
-----
AA:AA0,AB0,AD-2,AE-1,CC-82
AB:AA-1,AB0,AD-3,AE-2,CC-83
AD:AA1,AB2,AD0,AE1,CC-81
AE:AA0,AB1,AD-2,AE0,CC-82
CC:AA-1,AB0,AD-3,AE-2,CC0
-----
AA:AA0,AB0,AD-2,AE-1,CC-83
AB:AA-1,AB0,AD-3,AE-2,CC-84
AD:AA1,AB2,AD0,AE1,CC-81
AE:AA0,AB1,AD-2,AE0,CC-83
CC:AA-1,AB0,AD-3,AE-2,CC0
-----
AA:AA0,AB0,AD-2,AE-1,CC-83
AB:AA-1,AB0,AD-3,AE-2,CC-84
AD:AA1,AB2,AD0,AE1,CC-82
AE:AA0,AB1,AD-2,AE0,CC-83
CC:AA-1,AB0,AD-3,AE-2,CC0
-----
AA:AA0,AB0,AD-2,AE-1,CC-84
AB:AA-1,AB0,AD-3,AE-2,CC-85
AD:AA1,AB2,AD0,AE1,CC-82
AE:AA0,AB1,AD-2,AE0,CC-84
CC:AA-1,AB0,AD-3,AE-2,CC0
-----
AA:AA0,AB0,AD-2,AE-1,CC-84
AB:AA-1,AB0,AD-3,AE-2,CC-85
AD:AA1,AB2,AD0,AE1,CC-83
AE:AA0,AB1,AD-2,AE0,CC-84
CC:AA-1,AB0,AD-3,AE-2,CC0
-----
AA:AA0,AB0,AD-2,AE-1,CC-85
AB:AA-1,AB0,AD-3,AE-2,CC-86
AD:AA1,AB2,AD0,AE1,CC-83
AE:AA0,AB1,AD-2,AE0,CC-85
CC:AA-1,AB0,AD-3,AE-2,CC0
-----
AA:AA0,AB0,AD-2,AE-1,CC-85
AB:AA-1,AB0,AD-3,AE-2,CC-86
AD:AA1,AB2,AD0,AE1,CC-84
AE:AA0,AB1,AD-2,AE0,CC-85
CC:AA-1,AB0,AD-3,AE-2,CC0
-----
AA:AA0,AB0,AD-2,AE-1,CC-86
AB:AA-1,AB0,AD-3,AE-2,CC-87
AD:AA1,AB2,AD0,AE1,CC-84
AE:AA0,AB1,AD-2,AE0,CC-86
CC:AA-1,AB0,AD-3,AE-2,CC0
-----
AA:AA0,AB0,AD-2,AE-1,CC-86
AB:AA-1,AB0,AD-3,AE-2,CC-87
AD:AA1,AB2,AD0,AE1,CC-85
AE:AA0,AB1,AD-2,AE0,CC-86
CC:AA-1,AB0,AD-3,AE-2,CC0
-----
AA:AA0,AB0,AD-2,AE-1,CC-87
AB:AA-1,AB0,AD-3,AE-2,CC-88
AD:AA1,AB2,AD0,AE1,CC-85
AE:AA0,AB1,AD-2,AE0,CC-87
CC:AA-1,AB0,AD-3,AE-2,CC0
-----
AA:AA0,AB0,AD-2,AE-1,CC-87
AB:AA-1,AB0,AD-3,AE-2,CC-88
AD:AA1,AB2,AD0,AE1,CC-86
AE:AA0,AB1,AD-2,AE0,CC-87
CC:AA-1,AB0,AD-3,AE-2,CC0
-----
AA:AA0,AB0,AD-2,AE-1,CC-88
AB:AA-1,AB0,AD-3,AE-2,CC-89
AD:AA1,AB2,AD0,AE1,CC-86
AE:AA0,AB1,AD-2,AE0,CC-88
CC:AA-1,AB0,AD-3,AE-2,CC0
-----
AA:AA0,AB0,AD-2,AE-1,CC-88
AB:AA-1,AB0,AD-3,AE-2,CC-89
AD:AA1,AB2,AD0,AE1,CC-87
AE:AA0,AB1,AD-2,AE0,CC-88
CC:AA-1,AB0,AD-3,AE-2,CC0
-----
AA:AA0,AB0,AD-2,AE-1,CC-89
AB:AA-1,AB0,AD-3,AE-2,CC-90
AD:AA1,AB2,AD0,AE1,CC-87
AE:AA0,AB1,AD-2,AE0,CC-89
CC:AA-1,AB0,AD-3,AE-2,CC0
-----
AA:AA0,AB0,AD-2,AE-1,CC-89
AB:AA-1,AB0,AD-3,AE-2,CC-90
AD:AA1,AB2,AD0,AE1,CC-88
AE:AA0,AB1,AD-2,AE0,CC-89
CC:AA-1,AB0,AD-3,AE-2,CC0
-----
AA:AA0,AB0,AD-2,AE-1,CC-90
AB:AA-1,AB0,AD-3,AE-2,CC-91
AD:AA1,AB2,AD0,AE1,CC-88
AE:AA0,AB1,AD-2,AE0,CC-90
CC:AA-1,AB0,AD-3,AE-2,CC0
-----
AA:AA0,AB0,AD-2,AE-1,CC-90
AB:AA-1,AB0,AD-3,AE-2,CC-91
AD:AA1,AB2,AD0,AE1,CC-89
AE:AA0,AB1,AD-2,AE0,CC-90
CC:AA-1,AB0,AD-3,AE-2,CC0
-----
AA:AA0,AB0,AD-2,AE-1,CC-91
AB:AA-1,AB0,AD-3,AE-2,CC-92
AD:AA1,AB2,AD0,AE1,CC-89
AE:AA0,AB1,AD-2,AE0,CC-91
CC:AA-1,AB0,AD-3,AE-2,CC0
-----
AA:AA0,AB0,AD-2,AE-1,CC-91
AB:AA-1,AB0,AD-3,AE-2,CC-92
AD:AA1,AB2,AD0,AE1,CC-90
AE:AA0,AB1,AD-2,AE0,CC-91
CC:AA-1,AB0,AD-3,AE-2,CC0
-----
AA:AA0,AB0,AD-2,AE-1,CC-92
AB:AA-1,AB0,AD-3,AE-2,CC-93
AD:AA1,AB2,AD0,AE1,CC-90
AE:AA0,AB1,AD-2,AE0,CC-92
CC:AA-1,AB0,AD-3,AE-2,CC0
-----
AA:AA0,AB0,AD-2,AE-1,CC-92
AB:AA-1,AB0,AD-3,AE-2,CC-93
AD:AA1,AB2,AD0,AE1,CC-91
AE:AA0,AB1,AD-2,AE0,CC-92
CC:AA-1,AB0,AD-3,AE-2,CC0
-----
AA:AA0,AB0,AD-2,AE-1,CC-93
AB:AA-1,AB0,AD-3,AE-2,CC-94
AD:AA1,AB2,AD0,AE1,CC-91
AE:AA0,AB1,AD-2,AE0,CC-93
CC:AA-1,AB0,AD-3,AE-2,CC0
-----
AA:AA0,AB0,AD-2,AE-1,CC-93
AB:AA-1,AB0,AD-3,AE-2,CC-94
AD:AA1,AB2,AD0,AE1,CC-92
AE:AA0,AB1,AD-2,AE0,CC-93
CC:AA-1,AB0,AD-3,AE-2,CC0
-----
AA:AA0,AB0,AD-2,AE-1,CC-94
AB:AA-1,AB0,AD-3,AE-2,CC-95
AD:AA1,AB2,AD0,AE1,CC-92
AE:AA0,AB1,AD-2,AE0,CC-94
CC:AA-1,AB0,AD-3,AE-2,CC0
-----
AA:AA0,AB0,AD-2,AE-1,CC-94
AB:AA-1,AB0,AD-3,AE-2,CC-95
AD:AA1,AB2,AD0,AE1,CC-93
AE:AA0,AB1,AD-2,AE0,CC-94
CC:AA-1,AB0,AD-3,AE-2,CC0
-----
AA:AA0,AB0,AD-2,AE-1,CC-95
AB:AA-1,AB0,AD-3,AE-2,CC-96
AD:AA1,AB2,AD0,AE1,CC-93
AE:AA0,AB1,AD-2,AE0,CC-95
CC:AA-1,AB0,AD-3,AE-2,CC0
-----
AA:AA0,AB0,AD-2,AE-1,CC-95
AB:AA-1,AB0,AD-3,AE-2,CC-96
AD:AA1,AB2,AD0,AE1,CC-94
AE:AA0,AB1,AD-2,AE0,CC-95
CC:AA-1,AB0,AD-3,AE-2,CC0
-----
AA:AA0,AB0,AD-2,AE-1,CC-96
AB:AA-1,AB0,AD-3,AE-2,CC-97
AD:AA1,AB2,AD0,AE1,CC-94
AE:AA0,AB1,AD-2,AE0,CC-96
CC:AA-1,AB0,AD-3,AE-2,CC0
-----
AA:AA0,AB0,AD-2,AE-1,CC-96
AB:AA-1,AB0,AD-3,AE-2,CC-97
AD:AA1,AB2,AD0,AE1,CC-95
AE:AA0,AB1,AD-2,AE0,CC-96
CC:AA-1,AB0,AD-3,AE-2,CC0
-----
AA:AA0,AB0,AD-2,AE-1,CC-97
AB:AA-1,AB0,AD-3,AE-2,CC-98
AD:AA1,AB2,AD0,AE1,CC-95
AE:AA0,AB1,AD-2,AE0,CC-97
CC:AA-1,AB0,AD-3,AE-2,CC0
-----
AA:AA0,AB0,AD-2,AE-1,CC-97
AB:AA-1,AB0,AD-3,AE-2,CC-98
AD:AA1,AB2,AD0,AE1,CC-96
AE:AA0,AB1,AD-2,AE0,CC-97
CC:AA-1,AB0,AD-3,AE-2,CC0
-----
AA:AA0,AB0,AD-2,AE-1,CC-98
AB:AA-1,AB0,AD-3,AE-2,CC-99
AD:AA1,AB2,AD0,AE1,CC-96
AE:AA0,AB1,AD-2,AE0,CC-99
CC:AA-1,AB0,AD-3,AE-2,CC0
-----
AA:AA0,AB0,AD-2,AE-1,CC-98
AB:AA-1,AB0,AD-3,AE-2,CC-99
AD:AA1,AB2,AD0,AE1,CC-99
AE:AA0,AB1,AD-2,AE0,CC-99
CC:AA-1,AB0,AD-3,AE-2,CC0
-----
AA:AA0,AB0,AD-2,AE-1,CC-99
AB:AA-1,AB0,AD-3,AE-2,CC-99
AD:AA1,AB2,AD0,AE1,CC-99
AE:AA0,AB1,AD-2,AE0,CC-99
CC:AA-1,AB0,AD-3,AE-2,CC0
-----
